  yssimplesound_dsound.cpp
c:\users\nelson\documents\github\24780-term-project\setting_withmusic\setting\yssimplesound_dsound.cpp(89): warning C4311: 'type cast': pointer truncation from 'HWND' to 'int'
c:\users\nelson\documents\github\24780-term-project\setting_withmusic\setting\yssimplesound_dsound.cpp(89): warning C4302: 'type cast': truncation from 'HWND' to 'int'
c:\users\nelson\documents\github\24780-term-project\setting_withmusic\setting\yssimplesound_dsound.cpp(146): warning C4101: 'mainWindowFinder': unreferenced local variable
  yssimplesound.cpp
c:\users\nelson\documents\github\24780-term-project\setting_withmusic\setting\yssimplesound.cpp(240): warning C4996: 'fopen': This function or variable may be unsafe. Consider using fopen_s instead. To disable deprecation, use _CRT_SECURE_NO_WARNINGS. See online help for details.
  c:\program files (x86)\windows kits\10\include\10.0.10240.0\ucrt\stdio.h(205): note: see declaration of 'fopen'
c:\users\nelson\documents\github\24780-term-project\setting_withmusic\setting\yssimplesound.cpp(393): warning C4244: '=': conversion from '__int64' to 'unsigned int', possible loss of data
c:\users\nelson\documents\github\24780-term-project\setting_withmusic\setting\yssimplesound.cpp(428): warning C4018: '<': signed/unsigned mismatch
c:\users\nelson\documents\github\24780-term-project\setting_withmusic\setting\yssimplesound.cpp(453): warning C4018: '<': signed/unsigned mismatch
c:\users\nelson\documents\github\24780-term-project\setting_withmusic\setting\yssimplesound.cpp(477): warning C4018: '<': signed/unsigned mismatch
c:\users\nelson\documents\github\24780-term-project\setting_withmusic\setting\yssimplesound.cpp(491): warning C4018: '<': signed/unsigned mismatch
c:\users\nelson\documents\github\24780-term-project\setting_withmusic\setting\yssimplesound.cpp(533): warning C4267: 'argument': conversion from 'size_t' to 'int', possible loss of data
c:\users\nelson\documents\github\24780-term-project\setting_withmusic\setting\yssimplesound.cpp(540): warning C4267: 'argument': conversion from 'size_t' to 'int', possible loss of data
c:\users\nelson\documents\github\24780-term-project\setting_withmusic\setting\yssimplesound.cpp(541): warning C4267: 'argument': conversion from 'size_t' to 'int', possible loss of data
c:\users\nelson\documents\github\24780-term-project\setting_withmusic\setting\yssimplesound.cpp(550): warning C4267: 'argument': conversion from 'size_t' to 'int', possible loss of data
c:\users\nelson\documents\github\24780-term-project\setting_withmusic\setting\yssimplesound.cpp(551): warning C4267: 'argument': conversion from 'size_t' to 'int', possible loss of data
c:\users\nelson\documents\github\24780-term-project\setting_withmusic\setting\yssimplesound.cpp(552): warning C4267: 'argument': conversion from 'size_t' to 'int', possible loss of data
c:\users\nelson\documents\github\24780-term-project\setting_withmusic\setting\yssimplesound.cpp(553): warning C4267: 'argument': conversion from 'size_t' to 'int', possible loss of data
c:\users\nelson\documents\github\24780-term-project\setting_withmusic\setting\yssimplesound.cpp(587): warning C4267: '=': conversion from 'size_t' to 'unsigned int', possible loss of data
c:\users\nelson\documents\github\24780-term-project\setting_withmusic\setting\yssimplesound.cpp(607): warning C4267: 'argument': conversion from 'size_t' to 'int', possible loss of data
c:\users\nelson\documents\github\24780-term-project\setting_withmusic\setting\yssimplesound.cpp(614): warning C4267: '=': conversion from 'size_t' to 'unsigned int', possible loss of data
c:\users\nelson\documents\github\24780-term-project\setting_withmusic\setting\yssimplesound.cpp(633): warning C4018: '<': signed/unsigned mismatch
c:\users\nelson\documents\github\24780-term-project\setting_withmusic\setting\yssimplesound.cpp(640): warning C4018: '<': signed/unsigned mismatch
c:\users\nelson\documents\github\24780-term-project\setting_withmusic\setting\yssimplesound.cpp(664): warning C4018: '<': signed/unsigned mismatch
c:\users\nelson\documents\github\24780-term-project\setting_withmusic\setting\yssimplesound.cpp(671): warning C4018: '<': signed/unsigned mismatch
c:\users\nelson\documents\github\24780-term-project\setting_withmusic\setting\yssimplesound.cpp(862): warning C4018: '<': signed/unsigned mismatch
  stdafx.cpp
  GameSetting.cpp
c:\users\nelson\documents\github\24780-term-project\setting_withmusic\setting\gamesetting.cpp(66): warning C4244: '=': conversion from 'double' to 'int', possible loss of data
c:\users\nelson\documents\github\24780-term-project\setting_withmusic\setting\gamesetting.cpp(69): warning C4244: '=': conversion from 'double' to 'int', possible loss of data
  fssimplewindow.cpp
c:\users\nelson\documents\github\24780-term-project\setting_withmusic\setting\fssimplewindow.cpp(896): warning C4267: 'argument': conversion from 'size_t' to 'DWORD', possible loss of data
c:\users\nelson\documents\github\24780-term-project\setting_withmusic\setting\fssimplewindow.cpp(1500): warning C4800: 'int': forcing value to bool 'true' or 'false' (performance warning)
  Generating Code...
  Setting.vcxproj -> C:\Users\Nelson\Documents\GitHub\24780-Term-Project\Setting_withMusic\x64\Debug\Setting.exe
  Setting.vcxproj -> C:\Users\Nelson\Documents\GitHub\24780-Term-Project\Setting_withMusic\x64\Debug\Setting.pdb (Full PDB)
